<?xml version="1.0" encoding="UTF-8"?>
<!-- Generated by org.testng.reporters.JUnitXMLReporter -->
<testsuite ignored="0" hostname="DESKTOP-L0EDU15" failures="0" tests="3" name="Default test" time="13.885" errors="0" timestamp="2024-08-24T12:28:44 BDT">
  <testcase classname="myalice_automation_test.MainClass" name="LogInTest" time="0.645"/>
  <testcase classname="myalice_automation_test.MainClass" name="Manga_Search_and_isplay" time="3.932"/>
  <testcase classname="myalice_automation_test.MainClass" name="MangaDetailsModal" time="0.572"/>
</testsuite> <!-- Default test -->
